<?xml version="1.0" encoding="UTF-8"?>
<!-- Generated by org.testng.reporters.JUnitXMLReporter -->
<testsuite ignored="0" hostname="VIJAY" failures="0" tests="10" name="Surefire test" time="29.313" errors="0" timestamp="2024-04-27T11:43:54 IST">
  <testcase classname="api.test.DataDrivenTest" name="testPostUser" time="4.305"/>
  <testcase classname="api.test.DataDrivenTest" name="testPostUser" time="3.101"/>
  <testcase classname="api.test.DataDrivenTest" name="testPostUser" time="2.443"/>
  <testcase classname="api.test.DataDrivenTest" name="testDeleteUserByName" time="1.993"/>
  <testcase classname="api.test.DataDrivenTest" name="testDeleteUserByName" time="1.946"/>
  <testcase classname="api.test.DataDrivenTest" name="testDeleteUserByName" time="2.149"/>
  <testcase classname="api.test.userTest" name="testPostUser" time="2.103"/>
  <testcase classname="api.test.userTest" name="testGetUserByName" time="2.89"/>
  <testcase classname="api.test.userTest" name="testUpdateUserByName" time="4.712"/>
  <testcase classname="api.test.userTest" name="testDeleteUserByName" time="2.251"/>
</testsuite> <!-- Surefire test -->
