<?xml version="1.0" encoding="UTF-8"?>
<testsuite xmlns:xsi="http://www.w3.org/2001/XMLSchema-instance" xsi:noNamespaceSchemaLocation="https://maven.apache.org/surefire/maven-surefire-plugin/xsd/surefire-test-report-3.0.xsd" version="3.0" name="TestSuite" time="30.824" tests="10" errors="0" skipped="0" failures="0">
  <properties>
[...]
</properties>
  <testcase name="testPostUser[1010, testuser1, John, Candy, John@gmail.com, test@1, 1234567890](1)" classname="api.test.DataDrivenTest" time="4.322">
    <system-err><![CDATA[SLF4J: Failed to load class "org.slf4j.impl.StaticLoggerBinder".
SLF4J: Defaulting to no-operation (NOP) logger implementation
SLF4J: See http://www.slf4j.org/codes.html#StaticLoggerBinder for further details.
]]></system-err>
  </testcase>
  <testcase name="testPostUser[1020, testuser2, Kim, Kom, Kim@gmail.com, test@2, 1234567890](2)" classname="api.test.DataDrivenTest" time="3.084"/>
  <testcase name="testPostUser[1030, testuser3, Smith, Steve, Smith@gmail.com, test@3, 1234567890](3)" classname="api.test.DataDrivenTest" time="2.441"/>
  <testcase name="testDeleteUserByName[testuser1](1)" classname="api.test.DataDrivenTest" time="1.994"/>
  <testcase name="testDeleteUserByName[testuser2](2)" classname="api.test.DataDrivenTest" time="1.946"/>
  <testcase name="testDeleteUserByName[testuser3](3)" classname="api.test.DataDrivenTest" time="2.149"/>
  <testcase name="testPostUser" classname="api.test.userTest" time="2.105">
    <system-out><![CDATA[HTTP/1.1 200 OK
Date: Sat, 27 Apr 2024 06:13:54 GMT
Content-Type: application/json
Transfer-Encoding: chunked
Connection: keep-alive
Access-Control-Allow-Origin: *
Access-Control-Allow-Methods: GET, POST, DELETE, PUT
Access-Control-Allow-Headers: Content-Type, api_key, Authorization
Server: Jetty(9.2.9.v20150224)

{
    "code": 200,
    "type": "unknown",
    "message": "1578471219"
}
]]></system-out>
  </testcase>
  <testcase name="testGetUserByName" classname="api.test.userTest" time="2.904">
    <system-out><![CDATA[HTTP/1.1 200 OK
Date: Sat, 27 Apr 2024 06:13:57 GMT
Content-Type: application/json
Transfer-Encoding: chunked
Connection: keep-alive
Access-Control-Allow-Origin: *
Access-Control-Allow-Methods: GET, POST, DELETE, PUT
Access-Control-Allow-Headers: Content-Type, api_key, Authorization
Server: Jetty(9.2.9.v20150224)

{
    "id": 1578471219,
    "username": "johnny.huels",
    "firstName": "Ernesto",
    "lastName": "Ondricka",
    "email": "warren.waelchi@example.com",
    "password": "n4y1xekfg",
    "phone": "1-239-672-7669",
    "userStatus": 0
}
]]></system-out>
  </testcase>
  <testcase name="testUpdateUserByName" classname="api.test.userTest" time="4.7">
    <system-out><![CDATA[HTTP/1.1 200 OK
Date: Sat, 27 Apr 2024 06:13:59 GMT
Content-Type: application/json
Transfer-Encoding: chunked
Connection: keep-alive
Access-Control-Allow-Origin: *
Access-Control-Allow-Methods: GET, POST, DELETE, PUT
Access-Control-Allow-Headers: Content-Type, api_key, Authorization
Server: Jetty(9.2.9.v20150224)

{
    "code": 200,
    "type": "unknown",
    "message": "1578471219"
}
]]></system-out>
  </testcase>
  <testcase name="testDeleteUserByName" classname="api.test.userTest" time="2.248"/>
</testsuite>