<?xml version="1.0" encoding="UTF-8"?>
<testng-results ignored="0" total="4" passed="4" failed="0" skipped="0">
  <reporter-output>
  </reporter-output>
  <suite started-at="2024-04-27T11:36:04 IST" name="PetSuite" finished-at="2024-04-27T11:36:25 IST" duration-ms="21606">
    <groups>
    </groups>
    <test started-at="2024-04-27T11:36:04 IST" name="PetTests" finished-at="2024-04-27T11:36:25 IST" duration-ms="21606">
      <class name="api.test.userTestusingPropertiesfile">
        <test-method is-config="true" signature="setupData()[pri:0, instance:api.test.userTestusingPropertiesfile@74d1dc36]" started-at="2024-04-27T11:36:05 IST" name="setupData" finished-at="2024-04-27T11:36:09 IST" duration-ms="3781" status="PASS">
          <reporter-output>
          </reporter-output>
        </test-method> <!-- setupData -->
        <test-method signature="testPostUser()[pri:1, instance:api.test.userTestusingPropertiesfile@74d1dc36]" started-at="2024-04-27T11:36:09 IST" name="testPostUser" finished-at="2024-04-27T11:36:15 IST" duration-ms="6246" status="PASS">
          <reporter-output>
          </reporter-output>
        </test-method> <!-- testPostUser -->
        <test-method signature="testGetUserByName()[pri:2, instance:api.test.userTestusingPropertiesfile@74d1dc36]" started-at="2024-04-27T11:36:15 IST" name="testGetUserByName" finished-at="2024-04-27T11:36:18 IST" duration-ms="2609" status="PASS">
          <reporter-output>
          </reporter-output>
        </test-method> <!-- testGetUserByName -->
        <test-method signature="testUpdateUserByName()[pri:3, instance:api.test.userTestusingPropertiesfile@74d1dc36]" started-at="2024-04-27T11:36:18 IST" name="testUpdateUserByName" finished-at="2024-04-27T11:36:23 IST" duration-ms="4808" status="PASS">
          <reporter-output>
          </reporter-output>
        </test-method> <!-- testUpdateUserByName -->
        <test-method signature="testDeleteUserByName()[pri:4, instance:api.test.userTestusingPropertiesfile@74d1dc36]" started-at="2024-04-27T11:36:23 IST" name="testDeleteUserByName" finished-at="2024-04-27T11:36:25 IST" duration-ms="2249" status="PASS">
          <reporter-output>
          </reporter-output>
        </test-method> <!-- testDeleteUserByName -->
      </class> <!-- api.test.userTestusingPropertiesfile -->
    </test> <!-- PetTests -->
  </suite> <!-- PetSuite -->
</testng-results>
