<?xml version="1.0" encoding="UTF-8"?>
<!-- Generated by org.testng.reporters.JUnitXMLReporter -->
<testsuite ignored="0" hostname="VIJAY" failures="0" tests="4" name="PetTests" time="21.606" errors="0" timestamp="2024-04-27T11:36:25 IST">
  <testcase classname="api.test.userTestusingPropertiesfile" name="testPostUser" time="6.246"/>
  <testcase classname="api.test.userTestusingPropertiesfile" name="testGetUserByName" time="2.609"/>
  <testcase classname="api.test.userTestusingPropertiesfile" name="testUpdateUserByName" time="4.808"/>
  <testcase classname="api.test.userTestusingPropertiesfile" name="testDeleteUserByName" time="2.249"/>
</testsuite> <!-- PetTests -->
